<?xml version="1.0" encoding="UTF-8"?>
<testsuite xmlns:xsi="http://www.w3.org/2001/XMLSchema-instance" xsi:schemaLocation="https://maven.apache.org/surefire/maven-surefire-plugin/xsd/surefire-test-report.xsd" name="TestSuite" time="29.91" tests="2" errors="0" skipped="0" failures="0">
  <properties>
    <property name="PROCESSOR_ARCHITECTURE" value="AMD64"/>
    <property name="file.encoding.pkg" value="sun.io"/>
    <property name="LOGONSERVER" value="\\DESKTOP-44R9E55"/>
    <property name="ProgramData" value="C:\ProgramData"/>
    <property name="java.home" value="D:\jdk1.8.0_131\jre"/>
    <property name="TITLE" value="Tomcat"/>
    <property name="NODE_NAME" value="master"/>
    <property name="JENKINS_URL" value="http://localhost:8080/jenkins/"/>
    <property name="CATALINA_HOME" value="D:\apache-tomcat-7.0.68"/>
    <property name="ALLUSERSPROFILE" value="C:\ProgramData"/>
    <property name="java.endorsed.dirs" value="D:\jdk1.8.0_131\jre\lib\endorsed"/>
    <property name="PSModulePath" value="C:\Program Files (x86)\WindowsPowerShell\Modules;C:\WINDOWS\system32\WindowsPowerShell\v1.0\Modules;D:\AutoIt3\AutoItX"/>
    <property name="=::" value="::\"/>
    <property name="USERDOMAIN" value="DESKTOP-44R9E55"/>
    <property name="sun.os.patch.level" value=""/>
    <property name="java.vendor.url" value="http://java.oracle.com/"/>
    <property name="JAVA_OPTS" value=" -Djava.util.logging.config.file=&quot;D:\apache-tomcat-7.0.68\conf\logging.properties&quot; -Djava.util.logging.manager=org.apache.juli.ClassLoaderLogManager"/>
    <property name="CommonProgramFiles(x86)" value="C:\Program Files (x86)\Common Files"/>
    <property name="java.version" value="1.8.0_131"/>
    <property name="JOB_NAME" value="Webdriver2020"/>
    <property name="COMPUTERNAME" value="DESKTOP-44R9E55"/>
    <property name="EXECUTABLE" value="D:\apache-tomcat-7.0.68\bin\catalina.bat"/>
    <property name="ANDROID_HOME" value="D:\Android\android-sdk"/>
    <property name="java.vendor.url.bug" value="http://bugreport.sun.com/bugreport/"/>
    <property name="PUBLIC" value="C:\Users\Public"/>
    <property name="ChocolateyLastPathUpdate" value="132237007487677836"/>
    <property name="user.name" value="lmf"/>
    <property name="sun.io.unicode.encoding" value="UnicodeLittle"/>
    <property name="sun.jnu.encoding" value="GBK"/>
    <property name="java.runtime.name" value="Java(TM) SE Runtime Environment"/>
    <property name="windir" value="C:\WINDOWS"/>
    <property name="PROCESSOR_IDENTIFIER" value="Intel64 Family 6 Model 142 Stepping 10, GenuineIntel"/>
    <property name="java.specification.name" value="Java Platform API Specification"/>
    <property name="LOCALAPPDATA" value="C:\Users\lmf\AppData\Local"/>
    <property name="RUN_CHANGES_DISPLAY_URL" value="http://localhost:8080/jenkins/job/Webdriver2020/2/display/redirect?page=changes"/>
    <property name="user.timezone" value="Asia/Shanghai"/>
    <property name="user.script" value=""/>
    <property name="path.separator" value=";"/>
    <property name="NUMBER_OF_PROCESSORS" value="8"/>
    <property name="BUILD_TAG" value="jenkins-Webdriver2020-2"/>
    <property name="file.encoding" value="GBK"/>
    <property name="NLS_LANG" value="AMERICAN_AMERICA.ZHS16GBK"/>
    <property name="sun.java.command" value="jenkins.maven3.agent.Maven35Main D:\apache-maven-3.6.3 D:\apache-tomcat-7.0.68\webapps\jenkins\WEB-INF\lib\remoting-3.36.1.jar C:\Users\lmf\.jenkins\plugins\maven-plugin\WEB-INF\lib\maven35-interceptor-1.13.jar C:\Users\lmf\.jenkins\plugins\maven-plugin\WEB-INF\lib\maven3-interceptor-commons-1.13.jar 55371"/>
    <property name="HUDSON_URL" value="http://localhost:8080/jenkins/"/>
    <property name="JENKINS_SERVER_COOKIE" value="6559689819e9d9c1"/>
    <property name="=D:" value="D:\apache-tomcat-7.0.68\bin"/>
    <property name="EXECUTOR_NUMBER" value="0"/>
    <property name="Path" value="D:\jdk1.8.0_131/bin;C:\ProgramData\Oracle\Java\javapath;D:\jdk1.8.0_131\\bin;D:\jdk1.8.0_131\\jre\bin;D:\app\lmf\product\11.2.0\client_1;C:\Program Files (x86)\Intel\iCLS Client\;C:\Program Files\Intel\iCLS Client\;C:\Windows\system32;C:\Windows;C:\Windows\System32\Wbem;C:\Windows\System32\WindowsPowerShell\v1.0\;C:\Program Files (x86)\Intel\Intel(R) Management Engine Components\DAL;C:\Program Files\Intel\Intel(R) Management Engine Components\DAL;C:\Program Files (x86)\Intel\Intel(R) Management Engine Components\IPT;C:\Program Files\Intel\Intel(R) Management Engine Components\IPT;C:\Program Files (x86)\NVIDIA Corporation\PhysX\Common;C:\WINDOWS\system32;C:\WINDOWS;C:\WINDOWS\System32\Wbem;C:\WINDOWS\System32\WindowsPowerShell\v1.0\;C:\WINDOWS\System32\OpenSSH\;C:\Program Files (x86)\Google\Chrome\Application;D:\apache-maven-3.6.3\bin;D:\Android\android-sdk\platform-tools;D:\Android\android-sdk\platform-tools;D:\nodejs\;D:\Git\cmd;D:\Python38\Scripts\;D:\Python38\;C:\Program Files\MySQL\MySQL Shell 8.0\bin\;C:\Users\lmf\AppData\Local\BypassRuntm;D:\Fiddler;C:\Users\lmf\AppData\Roaming\npm;D:\JetBrains\IntelliJ IDEA 2019.3.3\bin;"/>
    <property name="java.io.tmpdir" value="C:\Users\lmf\AppData\Local\Temp\"/>
    <property name="APPDATA" value="C:\Users\lmf\AppData\Roaming"/>
    <property name="user.language" value="zh"/>
    <property name="CATALINA_TMPDIR" value="D:\apache-tomcat-7.0.68\temp"/>
    <property name="line.separator" value="&#10;"/>
    <property name="BUILD_URL" value="http://localhost:8080/jenkins/job/Webdriver2020/2/"/>
    <property name="JAVA_ENDORSED_DIRS" value="D:\apache-tomcat-7.0.68\endorsed"/>
    <property name="ACTION" value="start"/>
    <property name="M2_HOME" value="D:\apache-maven-3.6.3"/>
    <property name="java.vm.info" value="mixed mode"/>
    <property name="DriverData" value="C:\Windows\System32\Drivers\DriverData"/>
    <property name="sun.desktop" value="windows"/>
    <property name="java.vm.specification.name" value="Java Virtual Machine Specification"/>
    <property name="BUILD_DISPLAY_NAME" value="#2"/>
    <property name="OS" value="Windows_NT"/>
    <property name="guice.disable.misplaced.annotation.check" value="true"/>
    <property name="CATALINA_BASE" value="D:\apache-tomcat-7.0.68"/>
    <property name="HUDSON_SERVER_COOKIE" value="6559689819e9d9c1"/>
    <property name="JRE_HOME" value="D:\jdk1.8.0_131\"/>
    <property name="_EXECJAVA" value="start &quot;Tomcat&quot; &quot;D:\jdk1.8.0_131\\bin\java.exe&quot;"/>
    <property name="_RUNJAVA" value="&quot;D:\jdk1.8.0_131\\bin\java.exe&quot;"/>
    <property name="MAVEN_HOME" value="D:\apache-maven-3.6.3"/>
    <property name="SESSIONNAME" value="Console"/>
    <property name="PATHEXT" value=".COM;.EXE;.BAT;.CMD;.VBS;.VBE;.JS;.JSE;.WSF;.WSH;.MSC"/>
    <property name="java.awt.printerjob" value="sun.awt.windows.WPrinterJob"/>
    <property name="maven3.interceptor.common" value="C:\Users\lmf\.jenkins\plugins\maven-plugin\WEB-INF\lib\maven3-interceptor-commons-1.13.jar"/>
    <property name="CLASSPATH" value=""/>
    <property name="LOGGING_CONFIG" value="-Djava.util.logging.config.file=&quot;D:\apache-tomcat-7.0.68\conf\logging.properties&quot;"/>
    <property name="HOMEPATH" value="\Users\lmf"/>
    <property name="os.name" value="Windows 10"/>
    <property name="java.specification.vendor" value="Oracle Corporation"/>
    <property name="java.vm.name" value="Java HotSpot(TM) 64-Bit Server VM"/>
    <property name="BUILD_NUMBER" value="2"/>
    <property name="maven3.interceptor" value="C:\Users\lmf\.jenkins\plugins\maven-plugin\WEB-INF\lib\maven35-interceptor-1.13.jar"/>
    <property name="java.library.path" value="D:\jdk1.8.0_131\bin;C:\WINDOWS\Sun\Java\bin;C:\WINDOWS\system32;C:\WINDOWS;D:\apache-maven-3.6.3/bin;D:\jdk1.8.0_131/bin;D:\jdk1.8.0_131/bin;C:\ProgramData\Oracle\Java\javapath;D:\jdk1.8.0_131\\bin;D:\jdk1.8.0_131\\jre\bin;D:\app\lmf\product\11.2.0\client_1;C:\Program Files (x86)\Intel\iCLS Client\;C:\Program Files\Intel\iCLS Client\;C:\Windows\system32;C:\Windows;C:\Windows\System32\Wbem;C:\Windows\System32\WindowsPowerShell\v1.0\;C:\Program Files (x86)\Intel\Intel(R) Management Engine Components\DAL;C:\Program Files\Intel\Intel(R) Management Engine Components\DAL;C:\Program Files (x86)\Intel\Intel(R) Management Engine Components\IPT;C:\Program Files\Intel\Intel(R) Management Engine Components\IPT;C:\Program Files (x86)\NVIDIA Corporation\PhysX\Common;C:\WINDOWS\system32;C:\WINDOWS;C:\WINDOWS\System32\Wbem;C:\WINDOWS\System32\WindowsPowerShell\v1.0\;C:\WINDOWS\System32\OpenSSH\;C:\Program Files (x86)\Google\Chrome\Application;D:\apache-maven-3.6.3\bin;D:\Android\android-sdk\platform-tools;D:\Android\android-sdk\platform-tools;D:\nodejs\;D:\Git\cmd;D:\Python38\Scripts\;D:\Python38\;C:\Program Files\MySQL\MySQL Shell 8.0\bin\;C:\Users\lmf\AppData\Local\BypassRuntm;D:\Fiddler;C:\Users\lmf\AppData\Roaming\npm;D:\JetBrains\IntelliJ IDEA 2019.3.3\bin;;."/>
    <property name="HOMEDRIVE" value="C:"/>
    <property name="POM_GROUPID" value="SeleniumStudy"/>
    <property name="POM_ARTIFACTID" value="Selenium"/>
    <property name="java.class.version" value="52.0"/>
    <property name="LOGGING_MANAGER" value="-Djava.util.logging.manager=org.apache.juli.ClassLoaderLogManager"/>
    <property name="_RUNJDB" value="&quot;D:\jdk1.8.0_131\\bin\jdb.exe&quot;"/>
    <property name="JOB_URL" value="http://localhost:8080/jenkins/job/Webdriver2020/"/>
    <property name="OneDrive" value="C:\Users\lmf\OneDrive"/>
    <property name="RUN_DISPLAY_URL" value="http://localhost:8080/jenkins/job/Webdriver2020/2/display/redirect"/>
    <property name="VBOX_MSI_INSTALL_PATH" value="C:\Program Files\Oracle\VirtualBox\"/>
    <property name="MAINCLASS" value="org.apache.catalina.startup.Bootstrap"/>
    <property name="JENKINS_HOME" value="C:\Users\lmf\.jenkins"/>
    <property name="BUILD_ID" value="2"/>
    <property name="TEMP" value="C:\Users\lmf\AppData\Local\Temp"/>
    <property name="sun.boot.library.path" value="D:\jdk1.8.0_131\jre\bin"/>
    <property name="sun.management.compiler" value="HotSpot 64-Bit Tiered Compilers"/>
    <property name="java.awt.graphicsenv" value="sun.awt.Win32GraphicsEnvironment"/>
    <property name="user.variant" value=""/>
    <property name="PROCESSOR_REVISION" value="8e0a"/>
    <property name="POM_VERSION" value="1.0-SNAPSHOT"/>
    <property name="HUDSON_HOME" value="C:\Users\lmf\.jenkins"/>
    <property name="ProgramFiles(x86)" value="C:\Program Files (x86)"/>
    <property name="PATH+MAVEN" value="D:\apache-maven-3.6.3/bin"/>
    <property name="IntelliJ IDEA" value="D:\JetBrains\IntelliJ IDEA 2019.3.3\bin;"/>
    <property name="USERDOMAIN_ROAMINGPROFILE" value="DESKTOP-44R9E55"/>
    <property name="PROMPT" value="$P$G"/>
    <property name="CURRENT_DIR" value="D:\apache-tomcat-7.0.68\bin"/>
    <property name="java.vm.specification.version" value="1.8"/>
    <property name="JAVA_HOME" value="D:\jdk1.8.0_131"/>
    <property name="awt.toolkit" value="sun.awt.windows.WToolkit"/>
    <property name="NODE_LABELS" value="master"/>
    <property name="sun.cpu.isalist" value="amd64"/>
    <property name="USERPROFILE" value="C:\Users\lmf"/>
    <property name="JOB_DISPLAY_URL" value="http://localhost:8080/jenkins/job/Webdriver2020/display/redirect"/>
    <property name="java.ext.dirs" value="D:\jdk1.8.0_131\jre\lib\ext;C:\WINDOWS\Sun\Java\lib\ext"/>
    <property name="os.version" value="10.0"/>
    <property name="user.home" value="C:\Users\lmf"/>
    <property name="USERNAME" value="lmf"/>
    <property name="java.vm.vendor" value="Oracle Corporation"/>
    <property name="PROCESSOR_LEVEL" value="6"/>
    <property name="CommonProgramW6432" value="C:\Program Files\Common Files"/>
    <property name="user.dir" value="D:\IdeaProjects\Selenium"/>
    <property name="maven.conf" value="D:\apache-maven-3.6.3\conf"/>
    <property name="ProgramW6432" value="C:\Program Files"/>
    <property name="TMP" value="C:\Users\lmf\AppData\Local\Temp"/>
    <property name="sun.cpu.endian" value="little"/>
    <property name="SystemDrive" value="C:"/>
    <property name="java.vm.version" value="25.131-b11"/>
    <property name="java.class.path" value="C:\Users\lmf\.jenkins\plugins\maven-plugin\WEB-INF\lib\maven35-agent-1.13.jar;D:\apache-maven-3.6.3\boot\plexus-classworlds-2.6.0.jar;D:\apache-maven-3.6.3/conf/logging"/>
    <property name="org.slf4j.simpleLogger.defaultLogLevel" value="info"/>
    <property name="os.arch" value="amd64"/>
    <property name="WORKSPACE" value="C:\Users\lmf\.jenkins\workspace\Webdriver2020"/>
    <property name="ComSpec" value="C:\WINDOWS\system32\cmd.exe"/>
    <property name="sun.java.launcher" value="SUN_STANDARD"/>
    <property name="SystemRoot" value="C:\WINDOWS"/>
    <property name="CommonProgramFiles" value="C:\Program Files\Common Files"/>
    <property name="java.vm.specification.vendor" value="Oracle Corporation"/>
    <property name="file.separator" value="\"/>
    <property name="ChocolateyInstall" value="C:\ProgramData\chocolatey"/>
    <property name="java.runtime.version" value="1.8.0_131-b11"/>
    <property name="sun.boot.class.path" value="D:\jdk1.8.0_131\jre\lib\resources.jar;D:\jdk1.8.0_131\jre\lib\rt.jar;D:\jdk1.8.0_131\jre\lib\sunrsasign.jar;D:\jdk1.8.0_131\jre\lib\jsse.jar;D:\jdk1.8.0_131\jre\lib\jce.jar;D:\jdk1.8.0_131\jre\lib\charsets.jar;D:\jdk1.8.0_131\jre\lib\jfr.jar;D:\jdk1.8.0_131\jre\classes"/>
    <property name="ProgramFiles" value="C:\Program Files"/>
    <property name="PATH+JDK" value="D:\jdk1.8.0_131/bin"/>
    <property name="user.country" value="CN"/>
    <property name="POM_PACKAGING" value="jar"/>
    <property name="maven.home" value="D:\apache-maven-3.6.3"/>
    <property name="JOB_BASE_NAME" value="Webdriver2020"/>
    <property name="ANDROID" value="D:\Android\android-sdk\platform-tools"/>
    <property name="java.vendor" value="Oracle Corporation"/>
    <property name="POM_DISPLAYNAME" value="Selenium"/>
    <property name="java.specification.version" value="1.8"/>
    <property name="sun.arch.data.model" value="64"/>
  </properties>
  <testcase name="openChrome" classname="com.selenium.demo.day01.OpenBrowerse" time="17.283"/>
  <testcase name="openFifox" classname="com.selenium.demo.day01.OpenBrowerse" time="27.64"/>
</testsuite>