<?xml version="1.0" encoding="UTF-8"?>
<!-- Generated by org.testng.reporters.JUnitReportReporter -->
<testsuite skipped="0" hostname="DESKTOP-44R9E55" name="com.selenium.demo.day01.OpenBrowerse" tests="2" failures="0" timestamp="2020-03-01T23:04:30 CST" time="44.916" errors="0">
  <testcase name="openFifox" time="27.640" classname="com.selenium.demo.day01.OpenBrowerse"/>
  <system-out/>
  <testcase name="openChrome" time="17.276" classname="com.selenium.demo.day01.OpenBrowerse"/>
  <system-out/>
</testsuite> <!-- com.selenium.demo.day01.OpenBrowerse -->
